This file contains any messages produced by compilers while
running configure, to aid debugging if configure makes a mistake.

It was created by configure, which was
generated by GNU Autoconf 2.69.  Invocation command line was

  $ ./configure --with-optimize --prefix=/Users/ab25cq

## --------- ##
## Platform. ##
## --------- ##

hostname = DaisukenoMacBook-ea.local
uname -m = x86_64
uname -r = 20.5.0
uname -s = Darwin
uname -v = Darwin Kernel Version 20.5.0: Sat May  8 05:10:33 PDT 2021; root:xnu-7195.121.3~9/RELEASE_X86_64

/usr/bin/uname -p = i386
/bin/uname -X     = unknown

/bin/arch              = unknown
/usr/bin/arch -k       = unknown
/usr/convex/getsysinfo = unknown
/usr/bin/hostinfo      = Mach kernel version:
	 Darwin Kernel Version 20.5.0: Sat May  8 05:10:33 PDT 2021; root:xnu-7195.121.3~9/RELEASE_X86_64
Kernel configured for up to 4 processors.
2 processors are physically available.
4 processors are logically available.
Processor type: x86_64h (Intel x86-64h Haswell)
Processors active: 0 1 2 3
Primary memory available: 8.00 gigabytes
Default processor set: 497 tasks, 1553 threads, 4 processors
Load average: 1.68, Mach factor: 2.32
/bin/machine           = unknown
/usr/bin/oslevel       = unknown
/bin/universe          = unknown

PATH: /Users/ab25cq/bin
PATH: /usr/local/bin
PATH: /usr/bin
PATH: /bin
PATH: /usr/sbin
PATH: /sbin
PATH: /Library/Apple/usr/bin
PATH: /usr/local/opt/llvm/bin
PATH: /usr/local/opt/llvm/bin


## ----------- ##
## Core tests. ##
## ----------- ##

configure:2158: checking for gcc
configure:2174: found /usr/bin/gcc
configure:2185: result: gcc
configure:2414: checking for C compiler version
configure:2423: gcc --version >&5
Apple clang version 12.0.5 (clang-1205.0.22.9)
Target: x86_64-apple-darwin20.5.0
Thread model: posix
InstalledDir: /Applications/Xcode.app/Contents/Developer/Toolchains/XcodeDefault.xctoolchain/usr/bin
Configured with: --prefix=/Applications/Xcode.app/Contents/Developer/usr --with-gxx-include-dir=/Applications/Xcode.app/Contents/Developer/Platforms/MacOSX.platform/Developer/SDKs/MacOSX.sdk/usr/include/c++/4.2.1
configure:2434: $? = 0
configure:2423: gcc -v >&5
Configured with: --prefix=/Applications/Xcode.app/Contents/Developer/usr --with-gxx-include-dir=/Applications/Xcode.app/Contents/Developer/Platforms/MacOSX.platform/Developer/SDKs/MacOSX.sdk/usr/include/c++/4.2.1
Apple clang version 12.0.5 (clang-1205.0.22.9)
Target: x86_64-apple-darwin20.5.0
Thread model: posix
InstalledDir: /Applications/Xcode.app/Contents/Developer/Toolchains/XcodeDefault.xctoolchain/usr/bin
configure:2434: $? = 0
configure:2423: gcc -V >&5
clang: error: argument to '-V' is missing (expected 1 value)
clang: error: no input files
configure:2434: $? = 1
configure:2423: gcc -qversion >&5
clang: error: unknown argument '-qversion'; did you mean '--version'?
clang: error: no input files
configure:2434: $? = 1
configure:2454: checking whether the C compiler works
configure:2476: gcc    conftest.c  >&5
configure:2480: $? = 0
configure:2528: result: yes
configure:2531: checking for C compiler default output file name
configure:2533: result: a.out
configure:2539: checking for suffix of executables
configure:2546: gcc -o conftest    conftest.c  >&5
configure:2550: $? = 0
configure:2572: result: 
configure:2594: checking whether we are cross compiling
configure:2602: gcc -o conftest    conftest.c  >&5
configure:2606: $? = 0
configure:2613: ./conftest
configure:2617: $? = 0
configure:2632: result: no
configure:2637: checking for suffix of object files
configure:2659: gcc -c   conftest.c >&5
configure:2663: $? = 0
configure:2684: result: o
configure:2688: checking whether we are using the GNU C compiler
configure:2707: gcc -c   conftest.c >&5
configure:2707: $? = 0
configure:2716: result: yes
configure:2725: checking whether gcc accepts -g
configure:2745: gcc -c -g  conftest.c >&5
configure:2745: $? = 0
configure:2786: result: yes
configure:2803: checking for gcc option to accept ISO C89
configure:2866: gcc  -c -g -O2  conftest.c >&5
configure:2866: $? = 0
configure:2879: result: none needed
configure:2942: checking for a BSD-compatible install
configure:3010: result: /usr/bin/install -c
configure:3027: checking how to run the C preprocessor
configure:3058: gcc -E  conftest.c
configure:3058: $? = 0
configure:3072: gcc -E  conftest.c
conftest.c:9:10: fatal error: 'ac_nonexistent.h' file not found
#include <ac_nonexistent.h>
         ^~~~~~~~~~~~~~~~~~
1 error generated.
configure:3072: $? = 1
configure: failed program was:
| /* confdefs.h */
| #define PACKAGE_NAME ""
| #define PACKAGE_TARNAME ""
| #define PACKAGE_VERSION ""
| #define PACKAGE_STRING ""
| #define PACKAGE_BUGREPORT ""
| #define PACKAGE_URL ""
| /* end confdefs.h.  */
| #include <ac_nonexistent.h>
configure:3097: result: gcc -E
configure:3117: gcc -E  conftest.c
configure:3117: $? = 0
configure:3131: gcc -E  conftest.c
conftest.c:9:10: fatal error: 'ac_nonexistent.h' file not found
#include <ac_nonexistent.h>
         ^~~~~~~~~~~~~~~~~~
1 error generated.
configure:3131: $? = 1
configure: failed program was:
| /* confdefs.h */
| #define PACKAGE_NAME ""
| #define PACKAGE_TARNAME ""
| #define PACKAGE_VERSION ""
| #define PACKAGE_STRING ""
| #define PACKAGE_BUGREPORT ""
| #define PACKAGE_URL ""
| /* end confdefs.h.  */
| #include <ac_nonexistent.h>
configure:3160: checking for grep that handles long lines and -e
configure:3218: result: /usr/bin/grep
configure:3223: checking for egrep
configure:3285: result: /usr/bin/grep -E
configure:3290: checking for ANSI C header files
configure:3310: gcc -c -g -O2  conftest.c >&5
configure:3310: $? = 0
configure:3383: gcc -o conftest -g -O2   conftest.c  >&5
configure:3383: $? = 0
configure:3383: ./conftest
configure:3383: $? = 0
configure:3394: result: yes
configure:3407: checking for sys/types.h
configure:3407: gcc -c -g -O2  conftest.c >&5
configure:3407: $? = 0
configure:3407: result: yes
configure:3407: checking for sys/stat.h
configure:3407: gcc -c -g -O2  conftest.c >&5
configure:3407: $? = 0
configure:3407: result: yes
configure:3407: checking for stdlib.h
configure:3407: gcc -c -g -O2  conftest.c >&5
configure:3407: $? = 0
configure:3407: result: yes
configure:3407: checking for string.h
configure:3407: gcc -c -g -O2  conftest.c >&5
configure:3407: $? = 0
configure:3407: result: yes
configure:3407: checking for memory.h
configure:3407: gcc -c -g -O2  conftest.c >&5
configure:3407: $? = 0
configure:3407: result: yes
configure:3407: checking for strings.h
configure:3407: gcc -c -g -O2  conftest.c >&5
configure:3407: $? = 0
configure:3407: result: yes
configure:3407: checking for inttypes.h
configure:3407: gcc -c -g -O2  conftest.c >&5
configure:3407: $? = 0
configure:3407: result: yes
configure:3407: checking for stdint.h
configure:3407: gcc -c -g -O2  conftest.c >&5
configure:3407: $? = 0
configure:3407: result: yes
configure:3407: checking for unistd.h
configure:3407: gcc -c -g -O2  conftest.c >&5
configure:3407: $? = 0
configure:3407: result: yes
configure:3419: checking whether byte ordering is bigendian
configure:3434: gcc -c -g -O2  conftest.c >&5
configure:3434: $? = 0
configure:3479: gcc -c -g -O2  conftest.c >&5
configure:3479: $? = 0
configure:3497: gcc -c -g -O2  conftest.c >&5
conftest.c:26:4: error: use of undeclared identifier 'not'
                 not big endian
                 ^
1 error generated.
configure:3497: $? = 1
configure: failed program was:
| /* confdefs.h */
| #define PACKAGE_NAME ""
| #define PACKAGE_TARNAME ""
| #define PACKAGE_VERSION ""
| #define PACKAGE_STRING ""
| #define PACKAGE_BUGREPORT ""
| #define PACKAGE_URL ""
| #define STDC_HEADERS 1
| #define HAVE_SYS_TYPES_H 1
| #define HAVE_SYS_STAT_H 1
| #define HAVE_STDLIB_H 1
| #define HAVE_STRING_H 1
| #define HAVE_MEMORY_H 1
| #define HAVE_STRINGS_H 1
| #define HAVE_INTTYPES_H 1
| #define HAVE_STDINT_H 1
| #define HAVE_UNISTD_H 1
| /* end confdefs.h.  */
| #include <sys/types.h>
| 		#include <sys/param.h>
| 
| int
| main ()
| {
| #if BYTE_ORDER != BIG_ENDIAN
| 		 not big endian
| 		#endif
| 
|   ;
|   return 0;
| }
configure:3625: result: no
configure:3682: checking CPU type
configure:3753: checking Operating System
configure:3794: checking for main in -ldl
configure:3813: clang -o conftest -I. -O2   conftest.c -ldl   >&5
configure:3813: $? = 0
configure:3822: result: yes
configure:3833: checking math.h usability
configure:3833: clang -c -I. -O2  conftest.c >&5
configure:3833: $? = 0
configure:3833: result: yes
configure:3833: checking math.h presence
configure:3833: gcc -E  conftest.c
configure:3833: $? = 0
configure:3833: result: yes
configure:3833: checking for math.h
configure:3833: result: yes
configure:3840: checking for main in -lm
configure:3859: clang -o conftest -I. -O2   conftest.c -lm   -ldl >&5
configure:3859: $? = 0
configure:3868: result: yes
configure:3875: checking iconv.h usability
configure:3875: clang -c -I. -O2  conftest.c >&5
configure:3875: $? = 0
configure:3875: result: yes
configure:3875: checking iconv.h presence
configure:3875: gcc -E  conftest.c
configure:3875: $? = 0
configure:3875: result: yes
configure:3875: checking for iconv.h
configure:3875: result: yes
configure:3883: checking pcre.h usability
configure:3883: clang -c -I. -O2  conftest.c >&5
configure:3883: $? = 0
configure:3883: result: yes
configure:3883: checking pcre.h presence
configure:3883: gcc -E  conftest.c
configure:3883: $? = 0
configure:3883: result: yes
configure:3883: checking for pcre.h
configure:3883: result: yes
configure:3890: checking for main in -lpcre
configure:3909: clang -o conftest -I. -O2   conftest.c -lpcre   -ldl -lm >&5
configure:3909: $? = 0
configure:3918: result: yes
configure:3929: checking ncurses.h usability
configure:3929: clang -c -I. -O2  conftest.c >&5
configure:3929: $? = 0
configure:3929: result: yes
configure:3929: checking ncurses.h presence
configure:3929: gcc -E  conftest.c
configure:3929: $? = 0
configure:3929: result: yes
configure:3929: checking for ncurses.h
configure:3929: result: yes
configure:3936: checking for main in -lncurses
configure:3955: clang -o conftest -I. -O2   conftest.c -lncurses   -ldl -lm -lpcre >&5
configure:3955: $? = 0
configure:3964: result: yes
configure:4015: checking readline/readline.h usability
configure:4015: clang -c -I. -O2  conftest.c >&5
configure:4015: $? = 0
configure:4015: result: yes
configure:4015: checking readline/readline.h presence
configure:4015: gcc -E  conftest.c
configure:4015: $? = 0
configure:4015: result: yes
configure:4015: checking for readline/readline.h
configure:4015: result: yes
configure:4022: checking for main in -lreadline
configure:4041: clang -o conftest -I. -O2   conftest.c -lreadline   -ldl -lm -lpcre -lncurses >&5
configure:4041: $? = 0
configure:4050: result: yes
configure:4058: checking for main in -lrt
configure:4077: clang -o conftest -I. -O2   conftest.c -lrt   -ldl -lm -lpcre -lncurses -lreadline >&5
ld: library not found for -lrt
clang: error: linker command failed with exit code 1 (use -v to see invocation)
configure:4077: $? = 1
configure: failed program was:
| /* confdefs.h */
| #define PACKAGE_NAME ""
| #define PACKAGE_TARNAME ""
| #define PACKAGE_VERSION ""
| #define PACKAGE_STRING ""
| #define PACKAGE_BUGREPORT ""
| #define PACKAGE_URL ""
| #define STDC_HEADERS 1
| #define HAVE_SYS_TYPES_H 1
| #define HAVE_SYS_STAT_H 1
| #define HAVE_STDLIB_H 1
| #define HAVE_STRING_H 1
| #define HAVE_MEMORY_H 1
| #define HAVE_STRINGS_H 1
| #define HAVE_INTTYPES_H 1
| #define HAVE_STDINT_H 1
| #define HAVE_UNISTD_H 1
| #define __64BIT_CPU__ 1
| #define __X86_64__ 1
| #define HAVE_MATH_H 1
| #define HAVE_ICONV_H 1
| #define HAVE_PCRE_H 1
| #define HAVE_NCURSESW_H 1
| #define HAVE_READLINE_H 1
| /* end confdefs.h.  */
| 
| 
| int
| main ()
| {
| return main ();
|   ;
|   return 0;
| }
configure:4086: result: no
configure:4094: checking pthread.h usability
configure:4094: clang -c -I. -O2  conftest.c >&5
configure:4094: $? = 0
configure:4094: result: yes
configure:4094: checking pthread.h presence
configure:4094: gcc -E  conftest.c
configure:4094: $? = 0
configure:4094: result: yes
configure:4094: checking for pthread.h
configure:4094: result: yes
configure:4101: checking for main in -lpthread
configure:4120: clang -o conftest -I. -O2   conftest.c -lpthread   -ldl -lm -lpcre -lncurses -lreadline >&5
configure:4120: $? = 0
configure:4129: result: yes
configure:4150: checking for lchmod
configure:4150: clang -o conftest -I. -O2   conftest.c  -ldl -lm -lpcre -lncurses -lreadline -lpthread >&5
configure:4150: $? = 0
configure:4150: result: yes
configure:4161: checking for execvpe
configure:4161: clang -o conftest -I. -O2   conftest.c  -ldl -lm -lpcre -lncurses -lreadline -lpthread >&5
Undefined symbols for architecture x86_64:
  "_execvpe", referenced from:
      _main in conftest-386acf.o
ld: symbol(s) not found for architecture x86_64
clang: error: linker command failed with exit code 1 (use -v to see invocation)
configure:4161: $? = 1
configure: failed program was:
| /* confdefs.h */
| #define PACKAGE_NAME ""
| #define PACKAGE_TARNAME ""
| #define PACKAGE_VERSION ""
| #define PACKAGE_STRING ""
| #define PACKAGE_BUGREPORT ""
| #define PACKAGE_URL ""
| #define STDC_HEADERS 1
| #define HAVE_SYS_TYPES_H 1
| #define HAVE_SYS_STAT_H 1
| #define HAVE_STDLIB_H 1
| #define HAVE_STRING_H 1
| #define HAVE_MEMORY_H 1
| #define HAVE_STRINGS_H 1
| #define HAVE_INTTYPES_H 1
| #define HAVE_STDINT_H 1
| #define HAVE_UNISTD_H 1
| #define __64BIT_CPU__ 1
| #define __X86_64__ 1
| #define HAVE_MATH_H 1
| #define HAVE_ICONV_H 1
| #define HAVE_PCRE_H 1
| #define HAVE_NCURSESW_H 1
| #define HAVE_READLINE_H 1
| #define HAVE_PTHREAD_H 1
| #define HAVE_LCHMOD 1
| /* end confdefs.h.  */
| /* Define execvpe to an innocuous variant, in case <limits.h> declares execvpe.
|    For example, HP-UX 11i <limits.h> declares gettimeofday.  */
| #define execvpe innocuous_execvpe
| 
| /* System header to define __stub macros and hopefully few prototypes,
|     which can conflict with char execvpe (); below.
|     Prefer <limits.h> to <assert.h> if __STDC__ is defined, since
|     <limits.h> exists even on freestanding compilers.  */
| 
| #ifdef __STDC__
| # include <limits.h>
| #else
| # include <assert.h>
| #endif
| 
| #undef execvpe
| 
| /* Override any GCC internal prototype to avoid an error.
|    Use char because int might match the return type of a GCC
|    builtin and then its argument prototype would still apply.  */
| #ifdef __cplusplus
| extern "C"
| #endif
| char execvpe ();
| /* The GNU C library defines this for functions which it implements
|     to always fail with ENOSYS.  Some functions are actually named
|     something starting with __ and the normal name is an alias.  */
| #if defined __stub_execvpe || defined __stub___execvpe
| choke me
| #endif
| 
| int
| main ()
| {
| return execvpe ();
|   ;
|   return 0;
| }
configure:4161: result: no
configure:4290: creating ./config.status

## ---------------------- ##
## Running config.status. ##
## ---------------------- ##

This file was extended by config.status, which was
generated by GNU Autoconf 2.69.  Invocation command line was

  CONFIG_FILES    = 
  CONFIG_HEADERS  = 
  CONFIG_LINKS    = 
  CONFIG_COMMANDS = 
  $ ./config.status 

on DaisukenoMacBook-ea.local

config.status:815: creating Makefile
config.status:815: creating config.h
config.status:990: config.h is unchanged

## ---------------- ##
## Cache variables. ##
## ---------------- ##

ac_cv_c_bigendian=no
ac_cv_c_compiler_gnu=yes
ac_cv_env_CC_set=
ac_cv_env_CC_value=
ac_cv_env_CFLAGS_set=
ac_cv_env_CFLAGS_value=
ac_cv_env_CPPFLAGS_set=
ac_cv_env_CPPFLAGS_value=
ac_cv_env_CPP_set=
ac_cv_env_CPP_value=
ac_cv_env_LDFLAGS_set=
ac_cv_env_LDFLAGS_value=
ac_cv_env_LIBS_set=
ac_cv_env_LIBS_value=
ac_cv_env_build_alias_set=
ac_cv_env_build_alias_value=
ac_cv_env_host_alias_set=
ac_cv_env_host_alias_value=
ac_cv_env_target_alias_set=
ac_cv_env_target_alias_value=
ac_cv_func_execvpe=no
ac_cv_func_lchmod=yes
ac_cv_header_iconv_h=yes
ac_cv_header_inttypes_h=yes
ac_cv_header_math_h=yes
ac_cv_header_memory_h=yes
ac_cv_header_ncurses_h=yes
ac_cv_header_pcre_h=yes
ac_cv_header_pthread_h=yes
ac_cv_header_readline_readline_h=yes
ac_cv_header_stdc=yes
ac_cv_header_stdint_h=yes
ac_cv_header_stdlib_h=yes
ac_cv_header_string_h=yes
ac_cv_header_strings_h=yes
ac_cv_header_sys_stat_h=yes
ac_cv_header_sys_types_h=yes
ac_cv_header_unistd_h=yes
ac_cv_lib_dl=ac_cv_lib_dl_main
ac_cv_lib_dl_main=yes
ac_cv_lib_m=ac_cv_lib_m_main
ac_cv_lib_m_main=yes
ac_cv_lib_ncurses=ac_cv_lib_ncurses_main
ac_cv_lib_ncurses_main=yes
ac_cv_lib_pcre=ac_cv_lib_pcre_main
ac_cv_lib_pcre_main=yes
ac_cv_lib_pthread=ac_cv_lib_pthread_main
ac_cv_lib_pthread_main=yes
ac_cv_lib_readline=ac_cv_lib_readline_main
ac_cv_lib_readline_main=yes
ac_cv_lib_rt=ac_cv_lib_rt_main
ac_cv_lib_rt_main=no
ac_cv_objext=o
ac_cv_path_EGREP='/usr/bin/grep -E'
ac_cv_path_GREP=/usr/bin/grep
ac_cv_path_install='/usr/bin/install -c'
ac_cv_prog_CPP='gcc -E'
ac_cv_prog_ac_ct_CC=gcc
ac_cv_prog_cc_c89=
ac_cv_prog_cc_g=yes

## ----------------- ##
## Output variables. ##
## ----------------- ##

CC='clang'
CFLAGS='-I. -O2'
CPP='gcc -E'
CPPFLAGS=''
DEFS='-DHAVE_CONFIG_H'
DESTDIR='/Users/ab25cq'
ECHO_C='\c'
ECHO_N=''
ECHO_T=''
EGREP='/usr/bin/grep -E'
EXEEXT=''
GREP='/usr/bin/grep'
INSTALL_DATA='${INSTALL} -m 644'
INSTALL_PROGRAM='${INSTALL}'
INSTALL_SCRIPT='${INSTALL}'
LDFLAGS=''
LIBOBJS=''
LIBS=' -ldl -lm -lpcre -lncurses -lreadline -lpthread'
LTLIBOBJS=''
NCC=''
NCFLAGS=''
OBJEXT='o'
OS=''
PACKAGE_BUGREPORT=''
PACKAGE_NAME=''
PACKAGE_STRING=''
PACKAGE_TARNAME=''
PACKAGE_URL=''
PACKAGE_VERSION=''
PATH_SEPARATOR=':'
SHELL='/bin/sh'
ac_ct_CC='gcc'
bindir='${exec_prefix}/bin'
build_alias=''
datadir='${datarootdir}'
datarootdir='${prefix}/share'
docdir='${datarootdir}/doc/${PACKAGE}'
dvidir='${docdir}'
exec_prefix='${prefix}'
host_alias=''
htmldir='${docdir}'
includedir='${prefix}/include'
infodir='${datarootdir}/info'
libdir='${exec_prefix}/lib'
libexecdir='${exec_prefix}/libexec'
localedir='${datarootdir}/locale'
localstatedir='${prefix}/var'
mandir='${datarootdir}/man'
oldincludedir='/usr/include'
pdfdir='${docdir}'
prefix='/Users/ab25cq'
program_transform_name='s,x,x,'
psdir='${docdir}'
runstatedir='${localstatedir}/run'
sbindir='${exec_prefix}/sbin'
sharedstatedir='${prefix}/com'
sysconfdir='${prefix}/etc'
target_alias=''

## ----------- ##
## confdefs.h. ##
## ----------- ##

/* confdefs.h */
#define PACKAGE_NAME ""
#define PACKAGE_TARNAME ""
#define PACKAGE_VERSION ""
#define PACKAGE_STRING ""
#define PACKAGE_BUGREPORT ""
#define PACKAGE_URL ""
#define STDC_HEADERS 1
#define HAVE_SYS_TYPES_H 1
#define HAVE_SYS_STAT_H 1
#define HAVE_STDLIB_H 1
#define HAVE_STRING_H 1
#define HAVE_MEMORY_H 1
#define HAVE_STRINGS_H 1
#define HAVE_INTTYPES_H 1
#define HAVE_STDINT_H 1
#define HAVE_UNISTD_H 1
#define __64BIT_CPU__ 1
#define __X86_64__ 1
#define HAVE_MATH_H 1
#define HAVE_ICONV_H 1
#define HAVE_PCRE_H 1
#define HAVE_NCURSESW_H 1
#define HAVE_READLINE_H 1
#define HAVE_PTHREAD_H 1
#define HAVE_LCHMOD 1

configure: exit 0
