This file contains any messages produced by compilers while
running configure, to aid debugging if configure makes a mistake.

It was created by configure, which was
generated by GNU Autoconf 2.69.  Invocation command line was

  $ ./configure --with-debug

## --------- ##
## Platform. ##
## --------- ##

hostname = clover-lang.org
uname -m = x86_64
uname -r = 4.19.0-8-amd64
uname -s = Linux
uname -v = #1 SMP Debian 4.19.98-1+deb10u1 (2020-04-27)

/usr/bin/uname -p = unknown
/bin/uname -X     = unknown

/bin/arch              = unknown
/usr/bin/arch -k       = unknown
/usr/convex/getsysinfo = unknown
/usr/bin/hostinfo      = unknown
/bin/machine           = unknown
/usr/bin/oslevel       = unknown
/bin/universe          = unknown

PATH: /home/ab25cq/bin
PATH: /home/ab25cq/.gem/bin
PATH: /home/ab25cq/.rvm/bin/
PATH: /home/ab25cq/bin
PATH: /usr/local/bin
PATH: /usr/bin
PATH: /bin
PATH: /usr/local/games
PATH: /usr/games


## ----------- ##
## Core tests. ##
## ----------- ##

configure:2151: checking for gcc
configure:2167: found /usr/bin/gcc
configure:2178: result: gcc
configure:2407: checking for C compiler version
configure:2416: gcc --version >&5
gcc (Debian 8.3.0-6) 8.3.0
Copyright (C) 2018 Free Software Foundation, Inc.
This is free software; see the source for copying conditions.  There is NO
warranty; not even for MERCHANTABILITY or FITNESS FOR A PARTICULAR PURPOSE.

configure:2427: $? = 0
configure:2416: gcc -v >&5
Using built-in specs.
COLLECT_GCC=gcc
COLLECT_LTO_WRAPPER=/usr/lib/gcc/x86_64-linux-gnu/8/lto-wrapper
OFFLOAD_TARGET_NAMES=nvptx-none
OFFLOAD_TARGET_DEFAULT=1
Target: x86_64-linux-gnu
Configured with: ../src/configure -v --with-pkgversion='Debian 8.3.0-6' --with-bugurl=file:///usr/share/doc/gcc-8/README.Bugs --enable-languages=c,ada,c++,go,brig,d,fortran,objc,obj-c++ --prefix=/usr --with-gcc-major-version-only --program-suffix=-8 --program-prefix=x86_64-linux-gnu- --enable-shared --enable-linker-build-id --libexecdir=/usr/lib --without-included-gettext --enable-threads=posix --libdir=/usr/lib --enable-nls --enable-bootstrap --enable-clocale=gnu --enable-libstdcxx-debug --enable-libstdcxx-time=yes --with-default-libstdcxx-abi=new --enable-gnu-unique-object --disable-vtable-verify --enable-libmpx --enable-plugin --enable-default-pie --with-system-zlib --with-target-system-zlib --enable-objc-gc=auto --enable-multiarch --disable-werror --with-arch-32=i686 --with-abi=m64 --with-multilib-list=m32,m64,mx32 --enable-multilib --with-tune=generic --enable-offload-targets=nvptx-none --without-cuda-driver --enable-checking=release --build=x86_64-linux-gnu --host=x86_64-linux-gnu --target=x86_64-linux-gnu
Thread model: posix
gcc version 8.3.0 (Debian 8.3.0-6) 
configure:2427: $? = 0
configure:2416: gcc -V >&5
gcc: error: unrecognized command line option '-V'
gcc: fatal error: no input files
compilation terminated.
configure:2427: $? = 1
configure:2416: gcc -qversion >&5
gcc: error: unrecognized command line option '-qversion'; did you mean '--version'?
gcc: fatal error: no input files
compilation terminated.
configure:2427: $? = 1
configure:2447: checking whether the C compiler works
configure:2469: gcc    conftest.c  >&5
configure:2473: $? = 0
configure:2521: result: yes
configure:2524: checking for C compiler default output file name
configure:2526: result: a.out
configure:2532: checking for suffix of executables
configure:2539: gcc -o conftest    conftest.c  >&5
configure:2543: $? = 0
configure:2565: result: 
configure:2587: checking whether we are cross compiling
configure:2595: gcc -o conftest    conftest.c  >&5
configure:2599: $? = 0
configure:2606: ./conftest
configure:2610: $? = 0
configure:2598: result: no
configure:2603: checking for suffix of object files
configure:2625: gcc -c   conftest.c >&5
configure:2629: $? = 0
configure:2650: result: o
configure:2654: checking whether we are using the GNU C compiler
configure:2673: gcc -c   conftest.c >&5
configure:2673: $? = 0
configure:2682: result: yes
configure:2691: checking whether gcc accepts -g
configure:2711: gcc -c -g  conftest.c >&5
configure:2711: $? = 0
configure:2752: result: yes
configure:2769: checking for gcc option to accept ISO C89
configure:2832: gcc  -c -g -O2  conftest.c >&5
configure:2832: $? = 0
configure:2845: result: none needed
configure:2908: checking for a BSD-compatible install
configure:2976: result: /usr/bin/install -c
configure:2993: checking how to run the C preprocessor
configure:3024: gcc -E  conftest.c
configure:3024: $? = 0
configure:3038: gcc -E  conftest.c
conftest.c:9:10: fatal error: ac_nonexistent.h: No such file or directory
 #include <ac_nonexistent.h>
          ^~~~~~~~~~~~~~~~~~
compilation terminated.
configure:3038: $? = 1
configure: failed program was:
| /* confdefs.h */
| #define PACKAGE_NAME ""
| #define PACKAGE_TARNAME ""
| #define PACKAGE_VERSION ""
| #define PACKAGE_STRING ""
| #define PACKAGE_BUGREPORT ""
| #define PACKAGE_URL ""
| /* end confdefs.h.  */
| #include <ac_nonexistent.h>
configure:3063: result: gcc -E
configure:3083: gcc -E  conftest.c
configure:3083: $? = 0
configure:3097: gcc -E  conftest.c
conftest.c:9:10: fatal error: ac_nonexistent.h: No such file or directory
 #include <ac_nonexistent.h>
          ^~~~~~~~~~~~~~~~~~
compilation terminated.
configure:3097: $? = 1
configure: failed program was:
| /* confdefs.h */
| #define PACKAGE_NAME ""
| #define PACKAGE_TARNAME ""
| #define PACKAGE_VERSION ""
| #define PACKAGE_STRING ""
| #define PACKAGE_BUGREPORT ""
| #define PACKAGE_URL ""
| /* end confdefs.h.  */
| #include <ac_nonexistent.h>
configure:3126: checking for grep that handles long lines and -e
configure:3184: result: /bin/grep
configure:3189: checking for egrep
configure:3251: result: /bin/grep -E
configure:3256: checking for ANSI C header files
configure:3276: gcc -c -g -O2  conftest.c >&5
configure:3276: $? = 0
configure:3349: gcc -o conftest -g -O2   conftest.c  >&5
configure:3349: $? = 0
configure:3349: ./conftest
configure:3349: $? = 0
configure:3360: result: yes
configure:3373: checking for sys/types.h
configure:3373: gcc -c -g -O2  conftest.c >&5
configure:3373: $? = 0
configure:3373: result: yes
configure:3373: checking for sys/stat.h
configure:3373: gcc -c -g -O2  conftest.c >&5
configure:3373: $? = 0
configure:3373: result: yes
configure:3373: checking for stdlib.h
configure:3373: gcc -c -g -O2  conftest.c >&5
configure:3373: $? = 0
configure:3373: result: yes
configure:3373: checking for string.h
configure:3373: gcc -c -g -O2  conftest.c >&5
configure:3373: $? = 0
configure:3373: result: yes
configure:3373: checking for memory.h
configure:3373: gcc -c -g -O2  conftest.c >&5
configure:3373: $? = 0
configure:3373: result: yes
configure:3373: checking for strings.h
configure:3373: gcc -c -g -O2  conftest.c >&5
configure:3373: $? = 0
configure:3373: result: yes
configure:3373: checking for inttypes.h
configure:3373: gcc -c -g -O2  conftest.c >&5
configure:3373: $? = 0
configure:3373: result: yes
configure:3373: checking for stdint.h
configure:3373: gcc -c -g -O2  conftest.c >&5
configure:3373: $? = 0
configure:3373: result: yes
configure:3373: checking for unistd.h
configure:3373: gcc -c -g -O2  conftest.c >&5
configure:3373: $? = 0
configure:3373: result: yes
configure:3385: checking whether byte ordering is bigendian
configure:3400: gcc -c -g -O2  conftest.c >&5
conftest.c:20:9: error: unknown type name 'not'
         not a universal capable compiler
         ^~~
conftest.c:20:15: error: expected '=', ',', ';', 'asm' or '__attribute__' before 'universal'
         not a universal capable compiler
               ^~~~~~~~~
conftest.c:20:15: error: unknown type name 'universal'
configure:3400: $? = 1
configure: failed program was:
| /* confdefs.h */
| #define PACKAGE_NAME ""
| #define PACKAGE_TARNAME ""
| #define PACKAGE_VERSION ""
| #define PACKAGE_STRING ""
| #define PACKAGE_BUGREPORT ""
| #define PACKAGE_URL ""
| #define STDC_HEADERS 1
| #define HAVE_SYS_TYPES_H 1
| #define HAVE_SYS_STAT_H 1
| #define HAVE_STDLIB_H 1
| #define HAVE_STRING_H 1
| #define HAVE_MEMORY_H 1
| #define HAVE_STRINGS_H 1
| #define HAVE_INTTYPES_H 1
| #define HAVE_STDINT_H 1
| #define HAVE_UNISTD_H 1
| /* end confdefs.h.  */
| #ifndef __APPLE_CC__
| 	       not a universal capable compiler
| 	     #endif
| 	     typedef int dummy;
| 
configure:3445: gcc -c -g -O2  conftest.c >&5
configure:3445: $? = 0
configure:3463: gcc -c -g -O2  conftest.c >&5
conftest.c: In function 'main':
conftest.c:26:4: error: unknown type name 'not'; did you mean 'ino_t'?
    not big endian
    ^~~
    ino_t
conftest.c:26:12: error: expected '=', ',', ';', 'asm' or '__attribute__' before 'endian'
    not big endian
            ^~~~~~
configure:3463: $? = 1
configure: failed program was:
| /* confdefs.h */
| #define PACKAGE_NAME ""
| #define PACKAGE_TARNAME ""
| #define PACKAGE_VERSION ""
| #define PACKAGE_STRING ""
| #define PACKAGE_BUGREPORT ""
| #define PACKAGE_URL ""
| #define STDC_HEADERS 1
| #define HAVE_SYS_TYPES_H 1
| #define HAVE_SYS_STAT_H 1
| #define HAVE_STDLIB_H 1
| #define HAVE_STRING_H 1
| #define HAVE_MEMORY_H 1
| #define HAVE_STRINGS_H 1
| #define HAVE_INTTYPES_H 1
| #define HAVE_STDINT_H 1
| #define HAVE_UNISTD_H 1
| /* end confdefs.h.  */
| #include <sys/types.h>
| 		#include <sys/param.h>
| 
| int
| main ()
| {
| #if BYTE_ORDER != BIG_ENDIAN
| 		 not big endian
| 		#endif
| 
|   ;
|   return 0;
| }
configure:3591: result: no
configure:3641: checking CPU type
configure:3710: checking Operating System
configure:3767: checking for main in -lutil
configure:3786: gcc -o conftest -Isrc/ -I. -L . -fPIC -rdynamic -DPREFIX="\"${DESTDIR}/\""   conftest.c -lutil   >&5
configure:3786: $? = 0
configure:3795: result: yes
configure:3858: checking readline/readline.h usability
configure:3858: clang -c -Isrc/ -I. -L . -fPIC -rdynamic -DPREFIX="\"${DESTDIR}/\"" -I/usr/local/include -L /usr/local/lib -g  conftest.c >&5
clang: warning: argument unused during compilation: '-L.' [-Wunused-command-line-argument]
clang: warning: argument unused during compilation: '-rdynamic' [-Wunused-command-line-argument]
clang: warning: argument unused during compilation: '-L/usr/local/lib' [-Wunused-command-line-argument]
configure:3858: $? = 0
configure:3858: result: yes
configure:3858: checking readline/readline.h presence
configure:3858: gcc -E  conftest.c
configure:3858: $? = 0
configure:3858: result: yes
configure:3858: checking for readline/readline.h
configure:3858: result: yes
configure:3867: checking for main in -lreadline
configure:3886: clang -o conftest -Isrc/ -I. -L . -fPIC -rdynamic -DPREFIX="\"${DESTDIR}/\"" -I/usr/local/include -L /usr/local/lib -g   conftest.c -lreadline   -lutil >&5
configure:3886: $? = 0
configure:3895: result: yes
configure:3905: checking bsd/stdlib.h usability
configure:3905: clang -c -Isrc/ -I. -L . -fPIC -rdynamic -DPREFIX="\"${DESTDIR}/\"" -I/usr/local/include -L /usr/local/lib -g  conftest.c >&5
clang: warning: argument unused during compilation: '-L.' [-Wunused-command-line-argument]
clang: warning: argument unused during compilation: '-rdynamic' [-Wunused-command-line-argument]
clang: warning: argument unused during compilation: '-L/usr/local/lib' [-Wunused-command-line-argument]
configure:3905: $? = 0
configure:3905: result: yes
configure:3905: checking bsd/stdlib.h presence
configure:3905: gcc -E  conftest.c
configure:3905: $? = 0
configure:3905: result: yes
configure:3905: checking for bsd/stdlib.h
configure:3905: result: yes
configure:3913: checking math.h usability
configure:3913: clang -c -Isrc/ -I. -L . -fPIC -rdynamic -DPREFIX="\"${DESTDIR}/\"" -I/usr/local/include -L /usr/local/lib -g  conftest.c >&5
clang: warning: argument unused during compilation: '-L.' [-Wunused-command-line-argument]
clang: warning: argument unused during compilation: '-rdynamic' [-Wunused-command-line-argument]
clang: warning: argument unused during compilation: '-L/usr/local/lib' [-Wunused-command-line-argument]
configure:3913: $? = 0
configure:3913: result: yes
configure:3913: checking math.h presence
configure:3913: gcc -E  conftest.c
configure:3913: $? = 0
configure:3913: result: yes
configure:3913: checking for math.h
configure:3913: result: yes
configure:3920: checking for main in -lm
configure:3939: clang -o conftest -Isrc/ -I. -L . -fPIC -rdynamic -DPREFIX="\"${DESTDIR}/\"" -I/usr/local/include -L /usr/local/lib -g   conftest.c -lm   -lutil -lreadline >&5
configure:3939: $? = 0
configure:3948: result: yes
configure:3955: checking iconv.h usability
configure:3955: clang -c -Isrc/ -I. -L . -fPIC -rdynamic -DPREFIX="\"${DESTDIR}/\"" -I/usr/local/include -L /usr/local/lib -g  conftest.c >&5
clang: warning: argument unused during compilation: '-L.' [-Wunused-command-line-argument]
clang: warning: argument unused during compilation: '-rdynamic' [-Wunused-command-line-argument]
clang: warning: argument unused during compilation: '-L/usr/local/lib' [-Wunused-command-line-argument]
configure:3955: $? = 0
configure:3955: result: yes
configure:3955: checking iconv.h presence
configure:3955: gcc -E  conftest.c
configure:3955: $? = 0
configure:3955: result: yes
configure:3955: checking for iconv.h
configure:3955: result: yes
configure:3963: checking pcre.h usability
configure:3963: clang -c -Isrc/ -I. -L . -fPIC -rdynamic -DPREFIX="\"${DESTDIR}/\"" -I/usr/local/include -L /usr/local/lib -g  conftest.c >&5
clang: warning: argument unused during compilation: '-L.' [-Wunused-command-line-argument]
clang: warning: argument unused during compilation: '-rdynamic' [-Wunused-command-line-argument]
clang: warning: argument unused during compilation: '-L/usr/local/lib' [-Wunused-command-line-argument]
configure:3963: $? = 0
configure:3963: result: yes
configure:3963: checking pcre.h presence
configure:3963: gcc -E  conftest.c
configure:3963: $? = 0
configure:3963: result: yes
configure:3963: checking for pcre.h
configure:3963: result: yes
configure:3970: checking for main in -lpcre
configure:3989: clang -o conftest -Isrc/ -I. -L . -fPIC -rdynamic -DPREFIX="\"${DESTDIR}/\"" -I/usr/local/include -L /usr/local/lib -g   conftest.c -lpcre   -lutil -lreadline -lm >&5
configure:3989: $? = 0
configure:3998: result: yes
configure:4022: checking for execvpe
configure:4022: neo-c2 -o conftest -Isrc/ -I. -L . -fPIC -rdynamic -DPREFIX="\"${DESTDIR}/\"" -I/usr/local/include -L /usr/local/lib -g   conftest.c  -lutil -lreadline -lm -lpcre >&5
cpp -I/usr/local//include -Isrc/ -I. -L . -fPIC -rdynamic -DPREFIX="\"${DESTDIR}/\"" -I/usr/local/include -L /usr/local/lib -g -U__GNUC__ conftest.c -DPREFIX=\"\\"${DESTDIR}/\\"\"  > conftest.c.i
invalid character (character code 59) (;)
require an expression
<command-line>: warning: missing terminating " character
<command-line>: warning: "PREFIX" redefined
<command-line>: note: this is the location of the previous definition
conftest.c:61: invalid character (character code 59) (;)
conftest.c:62: require an expression
Parser error number is 2. Compile error number is 0
come can't compile(2) conftest.c
configure:4022: $? = 1
configure: failed program was:
| /* confdefs.h */
| #define PACKAGE_NAME ""
| #define PACKAGE_TARNAME ""
| #define PACKAGE_VERSION ""
| #define PACKAGE_STRING ""
| #define PACKAGE_BUGREPORT ""
| #define PACKAGE_URL ""
| #define STDC_HEADERS 1
| #define HAVE_SYS_TYPES_H 1
| #define HAVE_SYS_STAT_H 1
| #define HAVE_STDLIB_H 1
| #define HAVE_STRING_H 1
| #define HAVE_MEMORY_H 1
| #define HAVE_STRINGS_H 1
| #define HAVE_INTTYPES_H 1
| #define HAVE_STDINT_H 1
| #define HAVE_UNISTD_H 1
| #define __64BIT_CPU__ 1
| #define __LINUX__ 1
| #define HAVE_READLINE_H 1
| #define HAVE_BSD_H 1
| #define HAVE_MATH_H 1
| #define HAVE_ICONV_H 1
| #define HAVE_PCRE_H 1
| /* end confdefs.h.  */
| /* Define execvpe to an innocuous variant, in case <limits.h> declares execvpe.
|    For example, HP-UX 11i <limits.h> declares gettimeofday.  */
| #define execvpe innocuous_execvpe
| 
| /* System header to define __stub macros and hopefully few prototypes,
|     which can conflict with char execvpe (); below.
|     Prefer <limits.h> to <assert.h> if __STDC__ is defined, since
|     <limits.h> exists even on freestanding compilers.  */
| 
| #ifdef __STDC__
| # include <limits.h>
| #else
| # include <assert.h>
| #endif
| 
| #undef execvpe
| 
| /* Override any GCC internal prototype to avoid an error.
|    Use char because int might match the return type of a GCC
|    builtin and then its argument prototype would still apply.  */
| #ifdef __cplusplus
| extern "C"
| #endif
| char execvpe ();
| /* The GNU C library defines this for functions which it implements
|     to always fail with ENOSYS.  Some functions are actually named
|     something starting with __ and the normal name is an alias.  */
| #if defined __stub_execvpe || defined __stub___execvpe
| choke me
| #endif
| 
| int
| main ()
| {
| return execvpe ();
|   ;
|   return 0;
| }
configure:4022: result: no
configure:4143: creating ./config.status

## ---------------------- ##
## Running config.status. ##
## ---------------------- ##

This file was extended by config.status, which was
generated by GNU Autoconf 2.69.  Invocation command line was

  CONFIG_FILES    = 
  CONFIG_HEADERS  = 
  CONFIG_LINKS    = 
  CONFIG_COMMANDS = 
  $ ./config.status 

on clover-lang.org

config.status:808: creating Makefile
config.status:808: creating config.h
config.status:983: config.h is unchanged

## ---------------- ##
## Cache variables. ##
## ---------------- ##

ac_cv_c_bigendian=no
ac_cv_c_compiler_gnu=yes
ac_cv_env_CC_set=
ac_cv_env_CC_value=
ac_cv_env_CFLAGS_set=
ac_cv_env_CFLAGS_value=
ac_cv_env_CPPFLAGS_set=
ac_cv_env_CPPFLAGS_value=
ac_cv_env_CPP_set=
ac_cv_env_CPP_value=
ac_cv_env_LDFLAGS_set=
ac_cv_env_LDFLAGS_value=
ac_cv_env_LIBS_set=
ac_cv_env_LIBS_value=
ac_cv_env_build_alias_set=
ac_cv_env_build_alias_value=
ac_cv_env_host_alias_set=
ac_cv_env_host_alias_value=
ac_cv_env_target_alias_set=
ac_cv_env_target_alias_value=
ac_cv_func_execvpe=no
ac_cv_header_bsd_stdlib_h=yes
ac_cv_header_iconv_h=yes
ac_cv_header_inttypes_h=yes
ac_cv_header_math_h=yes
ac_cv_header_memory_h=yes
ac_cv_header_pcre_h=yes
ac_cv_header_readline_readline_h=yes
ac_cv_header_stdc=yes
ac_cv_header_stdint_h=yes
ac_cv_header_stdlib_h=yes
ac_cv_header_string_h=yes
ac_cv_header_strings_h=yes
ac_cv_header_sys_stat_h=yes
ac_cv_header_sys_types_h=yes
ac_cv_header_unistd_h=yes
ac_cv_lib_m=ac_cv_lib_m_main
ac_cv_lib_m_main=yes
ac_cv_lib_pcre=ac_cv_lib_pcre_main
ac_cv_lib_pcre_main=yes
ac_cv_lib_readline=ac_cv_lib_readline_main
ac_cv_lib_readline_main=yes
ac_cv_lib_util=ac_cv_lib_util_main
ac_cv_lib_util_main=yes
ac_cv_objext=o
ac_cv_path_EGREP='/bin/grep -E'
ac_cv_path_GREP=/bin/grep
ac_cv_path_install='/usr/bin/install -c'
ac_cv_prog_CPP='gcc -E'
ac_cv_prog_ac_ct_CC=gcc
ac_cv_prog_cc_c89=
ac_cv_prog_cc_g=yes

## ----------------- ##
## Output variables. ##
## ----------------- ##

CC='neo-c2'
CFLAGS='-Isrc/ -I. -L . -fPIC -rdynamic -DPREFIX="\"${DESTDIR}/\"" -I/usr/local/include -L /usr/local/lib -g'
CPP='gcc -E'
CPPFLAGS=''
DEFS='-DHAVE_CONFIG_H'
DESTDIR='/usr/local'
ECHO_C=''
ECHO_N='-n'
ECHO_T=''
EGREP='/bin/grep -E'
EXEEXT=''
GREP='/bin/grep'
INSTALL_DATA='${INSTALL} -m 644'
INSTALL_PROGRAM='${INSTALL}'
INSTALL_SCRIPT='${INSTALL}'
LDFLAGS=''
LIBOBJS=''
LIBS=' -lutil -lreadline -lm -lpcre'
LTLIBOBJS=''
OBJEXT='o'
OBJS='src/main.o src/01int.o src/02add.o src/03str.o src/vm.o'
OS='LINUX'
PACKAGE_BUGREPORT=''
PACKAGE_NAME=''
PACKAGE_STRING=''
PACKAGE_TARNAME=''
PACKAGE_URL=''
PACKAGE_VERSION=''
PATH_SEPARATOR=':'
SHELL='/bin/bash'
ac_ct_CC='gcc'
bindir='${exec_prefix}/bin'
build_alias=''
datadir='${datarootdir}'
datarootdir='${prefix}/share'
docdir='${datarootdir}/doc/${PACKAGE}'
dvidir='${docdir}'
exec_prefix='${prefix}'
host_alias=''
htmldir='${docdir}'
includedir='${prefix}/include'
infodir='${datarootdir}/info'
libdir='${exec_prefix}/lib'
libexecdir='${exec_prefix}/libexec'
localedir='${datarootdir}/locale'
localstatedir='${prefix}/var'
mandir='${datarootdir}/man'
oldincludedir='/usr/include'
pdfdir='${docdir}'
prefix='/usr/local'
program_transform_name='s,x,x,'
psdir='${docdir}'
runstatedir='${localstatedir}/run'
sbindir='${exec_prefix}/sbin'
sharedstatedir='${prefix}/com'
sysconfdir='${prefix}/etc'
target_alias=''

## ----------- ##
## confdefs.h. ##
## ----------- ##

/* confdefs.h */
#define PACKAGE_NAME ""
#define PACKAGE_TARNAME ""
#define PACKAGE_VERSION ""
#define PACKAGE_STRING ""
#define PACKAGE_BUGREPORT ""
#define PACKAGE_URL ""
#define STDC_HEADERS 1
#define HAVE_SYS_TYPES_H 1
#define HAVE_SYS_STAT_H 1
#define HAVE_STDLIB_H 1
#define HAVE_STRING_H 1
#define HAVE_MEMORY_H 1
#define HAVE_STRINGS_H 1
#define HAVE_INTTYPES_H 1
#define HAVE_STDINT_H 1
#define HAVE_UNISTD_H 1
#define __64BIT_CPU__ 1
#define __LINUX__ 1
#define HAVE_READLINE_H 1
#define HAVE_BSD_H 1
#define HAVE_MATH_H 1
#define HAVE_ICONV_H 1
#define HAVE_PCRE_H 1

configure: exit 0
